Using pre-set license
Built from '2020.3/staging' branch; Version is '2020.3.8f1 (507919d4fff5) revision 5273881'; Using compiler version '192528614'; Build Type 'Release'
OS: 'Windows 10 Pro; OS build 19042.964; Version 2009; 64bit' Language: 'en' Physical Memory: 12147 MB
BatchMode: 1, IsHumanControllingUs: 0, StartBugReporterOnCrash: 0, Is64bit: 1, IsPro: 0

 COMMAND LINE ARGUMENTS:
C:\Program Files\Unity\Hub\Editor\2020.3.8f1\Editor\Unity.exe
-adb2
-batchMode
-noUpm
-name
AssetImportWorker0
-projectPath
C:/Summer 21/Unity Projects/Lab #1
-logFile
Logs/AssetImportWorker0.log
-srvPort
51917
Successfully changed project path to: C:/Summer 21/Unity Projects/Lab #1
C:/Summer 21/Unity Projects/Lab #1
Using Asset Import Pipeline V2.
Refreshing native plugins compatible for Editor in 35.14 ms, found 0 plugins.
Preloading 0 native plugins for Editor in 0.00 ms.
Initialize engine version: 2020.3.8f1 (507919d4fff5)
[Subsystems] Discovering subsystems at path C:/Program Files/Unity/Hub/Editor/2020.3.8f1/Editor/Data/Resources/UnitySubsystems
[Subsystems] Discovering subsystems at path C:/Summer 21/Unity Projects/Lab #1/Assets
GfxDevice: creating device client; threaded=0
Direct3D:
    Version:  Direct3D 11.0 [level 11.1]
    Renderer: AMD Radeon(TM) R5 M330 (ID=0x6660)
    Vendor:   
    VRAM:     2039 MB
    Driver:   15.301.1301.0
Initialize mono
Mono path[0] = 'C:/Program Files/Unity/Hub/Editor/2020.3.8f1/Editor/Data/Managed'
Mono path[1] = 'C:/Program Files/Unity/Hub/Editor/2020.3.8f1/Editor/Data/MonoBleedingEdge/lib/mono/unityjit'
Mono config path = 'C:/Program Files/Unity/Hub/Editor/2020.3.8f1/Editor/Data/MonoBleedingEdge/etc'
Using monoOptions --debugger-agent=transport=dt_socket,embedding=1,server=y,suspend=n,address=127.0.0.1:56612
Begin MonoManager ReloadAssembly
Registering precompiled unity dll's ...
Register platform support module: C:/Program Files/Unity/Hub/Editor/2020.3.8f1/Editor/Data/PlaybackEngines/WindowsStandaloneSupport/UnityEditor.WindowsStandalone.Extensions.dll
Registered in 0.002867 seconds.
Native extension for WindowsStandalone target not found
Refreshing native plugins compatible for Editor in 35.32 ms, found 0 plugins.
Preloading 0 native plugins for Editor in 0.00 ms.
Mono: successfully reloaded assembly
- Completed reload, in  1.692 seconds
Platform modules already initialized, skipping
Registering precompiled user dll's ...
Registered in 0.002064 seconds.
Begin MonoManager ReloadAssembly
Native extension for WindowsStandalone target not found
Refreshing native plugins compatible for Editor in 0.24 ms, found 0 plugins.
Preloading 0 native plugins for Editor in 0.00 ms.
Mono: successfully reloaded assembly
- Completed reload, in  1.272 seconds
Platform modules already initialized, skipping
========================================================================
Worker process is ready to serve import requests
Launched and connected shader compiler UnityShaderCompiler.exe after 0.08 seconds
Refreshing native plugins compatible for Editor in 0.24 ms, found 0 plugins.
Preloading 0 native plugins for Editor in 0.00 ms.
Unloading 1115 Unused Serialized files (Serialized files now loaded: 0)
System memory in use before: 57.1 MB.
System memory in use after: 57.2 MB.

Unloading 10 unused Assets to reduce memory usage. Loaded Objects now: 1557.
Total: 3.155900 ms (FindLiveObjects: 0.284700 ms CreateObjectMapping: 0.059100 ms MarkObjects: 2.664700 ms  DeleteObjects: 0.145300 ms)

========================================================================
Received Import Request.
  path: Assets
  artifactKey: Guid(00000000000000001000000000000000) Importer(815301076,1909f56bfc062723c751e8b465ee728b)
Start importing Assets using Guid(00000000000000001000000000000000) Importer(815301076,1909f56bfc062723c751e8b465ee728b)  -> (artifact id: '42d402b061de3733987d63b9cc3b64de') in 0.007689 seconds
  Import took 0.010583 seconds .

========================================================================
Received Import Request.
  Time since last request: 4.178879 seconds.
  path: Assets/Assets
  artifactKey: Guid(f26c2ef610d9b3140841c9ccd758e5c5) Importer(815301076,1909f56bfc062723c751e8b465ee728b)
Start importing Assets/Assets using Guid(f26c2ef610d9b3140841c9ccd758e5c5) Importer(815301076,1909f56bfc062723c751e8b465ee728b)  -> (artifact id: '561843762908ca5bcaee8e940649d39f') in 0.003829 seconds
  Import took 0.007424 seconds .

========================================================================
Received Import Request.
  Time since last request: 10.168373 seconds.
  path: Assets/Assets/Player.fbx
  artifactKey: Guid(eded53987f79efc44b532ef345cac521) Importer(815301076,1909f56bfc062723c751e8b465ee728b)
Start importing Assets/Assets/Player.fbx using Guid(eded53987f79efc44b532ef345cac521) Importer(815301076,1909f56bfc062723c751e8b465ee728b)  -> (artifact id: 'c3e85d71891bffefdd3e67170d807d69') in 0.914133 seconds
  Import took 0.917566 seconds .

========================================================================
Received Import Request.
  Time since last request: 344.437379 seconds.
  path: Assets/Green.shader
  artifactKey: Guid(478dc192daa32d944abd5f3ae5ea5141) Importer(815301076,1909f56bfc062723c751e8b465ee728b)
Start importing Assets/Green.shader using Guid(478dc192daa32d944abd5f3ae5ea5141) Importer(815301076,1909f56bfc062723c751e8b465ee728b)  -> (artifact id: '5e1c0545ca2923072fc4687db0196e70') in 0.022353 seconds
  Import took 0.028546 seconds .

========================================================================
Received Import Request.
  Time since last request: 123.434447 seconds.
  path: Assets/Player.mat
  artifactKey: Guid(5caab7aee576a084ab55f24755a1f912) Importer(815301076,1909f56bfc062723c751e8b465ee728b)
Start importing Assets/Player.mat using Guid(5caab7aee576a084ab55f24755a1f912) Importer(815301076,1909f56bfc062723c751e8b465ee728b)  -> (artifact id: '620bb3ec15729e12cccc51cb466855c5') in 0.023936 seconds
  Import took 0.027760 seconds .

========================================================================
Received Import Request.
  Time since last request: 69.208374 seconds.
  path: Assets/Materials
  artifactKey: Guid(d92112475de676f46a5a2f47ecf7d32a) Importer(815301076,1909f56bfc062723c751e8b465ee728b)
Start importing Assets/Materials using Guid(d92112475de676f46a5a2f47ecf7d32a) Importer(815301076,1909f56bfc062723c751e8b465ee728b)  -> (artifact id: 'd547e5a24929add9212c1634a8e9c62f') in 0.003370 seconds
  Import took 0.006249 seconds .

AssetImportWorkerClient::OnTransportError - code=2 error=End of file
